
*** Imported 2 new test cases from: ../coreutils/src/output_echo/queue

[+] AFL test case: id:000000,orig:echo.txt (0 / 2), cycle: 0
    lines......: 0.1% (25 of 25300 lines)
    functions..: 0.1% (1 of 1093 functions)

    Coverage diff (init) id:000000,orig:echo.txt
diff (init) -> id:000000,orig:echo.txt
New src file: /root/coreutils.gcov/src/echo.c
  New 'function' coverage: main()
  New 'line' coverage: 108
  New 'line' coverage: 110
  New 'line' coverage: 111
  New 'line' coverage: 112
  New 'line' coverage: 113
  New 'line' coverage: 118
  New 'line' coverage: 121
  New 'line' coverage: 122
  New 'line' coverage: 123
  New 'line' coverage: 124
  New 'line' coverage: 126
  New 'line' coverage: 130
  New 'line' coverage: 143
  New 'line' coverage: 144
  New 'line' coverage: 146
  New 'line' coverage: 147
  New 'line' coverage: 149
  New 'line' coverage: 156
  New 'line' coverage: 192
  New 'line' coverage: 259
  New 'line' coverage: 261
  New 'line' coverage: 262
  New 'line' coverage: 263
  New 'line' coverage: 264
  New 'line' coverage: 269



++++++ BEGIN - first exec output for CMD: src/echo -f ../coreutils/src/output_echo/queue/id:000000,orig:echo.txt
    -f ../coreutils/src/output_echo/queue/id:000000,orig:echo.txt
++++++ END

[+] AFL test case: id:000001,orig:echo2.txt (1 / 2), cycle: 0
    lines......: 0.1% (25 of 25300 lines)
    functions..: 0.1% (1 of 1093 functions)
[-] No new AFL test cases, sleeping for 60 seconds
[+] afl-fuzz appears to be stopped...
[+] Processed 2 / 2 test cases.

[+] Final zero coverage report: ../coreutils/src/output_echo/cov/zero-cov
[+] Final positive coverage report: ../coreutils/src/output_echo/cov/pos-cov
    lines......: 0.1% (25 of 25300 lines)
    functions..: 0.1% (1 of 1093 functions)
[+] Final lcov web report: ../coreutils/src/output_echo/cov/web/index.html
